2019-02-24 12:04:17 [INFO ] [TestBase] - [getBrowserObject] Chrome
2019-02-24 12:04:17 [INFO ] [TestBase] - [after] 
2019-02-24 12:04:17 [INFO ] [TestBase] - [getBrowserObject] Chrome
2019-02-24 12:04:17 [INFO ] [TestBase] - [after] 
2019-02-24 12:04:17 [INFO ] [TestBase] - [getBrowserObject] Chrome
2019-02-24 12:04:17 [INFO ] [TestBase] - [after] 
2019-02-24 12:04:17 [INFO ] [TestBase] - [getBrowserObject] Chrome
2019-02-24 12:04:17 [INFO ] [TestBase] - [after] 
2019-02-24 12:04:17 [INFO ] [TestBase] - [getBrowserObject] Chrome
2019-02-24 12:04:17 [INFO ] [TestBase] - [after] 
2019-02-24 22:42:05 [INFO ] [TestBase] - [getBrowserObject] Chrome
2019-02-24 22:42:12 [INFO ] [TestBase] - [before] Chrome
2019-02-24 22:45:45 [INFO ] [WaitHelper] - [waitForElement] element found...Sign in
2019-02-24 22:45:45 [INFO ] [LoginPage] - [clickOnSignInLink] clicked on sign in link...
2019-02-24 22:46:47 [INFO ] [WaitHelper] - [waitForElement] element found...Sign in
2019-02-24 22:46:47 [INFO ] [LoginPage] - [enterRegistrationEmail] entering registration email..1551028607876@gmail.com
2019-02-24 22:46:55 [INFO ] [WaitHelper] - [waitForElement] element found...
2019-02-24 22:46:55 [INFO ] [GenericHelper] - [isDisplayed] element is displayed..[[ChromeDriver: chrome on XP (9798f178a32408631a5a6dc2ed08ce01)] -> xpath: //*[@id='id_gender1']]
2019-02-24 22:46:55 [INFO ] [RegistrationPage] - [setMrRadioButton] selecting mr checkbox..
2019-02-24 22:46:55 [INFO ] [RegistrationPage] - [setFirstName] entering firstName..firstNameone
2019-02-24 22:46:55 [INFO ] [RegistrationPage] - [setLastname] entering lastname..lastNameone
2019-02-24 22:46:55 [INFO ] [RegistrationPage] - [setPassword] entering password..password1
2019-02-24 22:46:56 [INFO ] [RegistrationPage] - [setYourAddressFirstName] entering yourAddressFirstName..addressFirstNameone
2019-02-24 22:46:56 [INFO ] [RegistrationPage] - [setYourAddressLastName] entering yourAddressLastName..addressLastNameone
2019-02-24 22:46:56 [INFO ] [RegistrationPage] - [setYourAddressCompany] entering yourAddressCompany..addressCompanyNameone
2019-02-24 22:46:56 [INFO ] [RegistrationPage] - [setAddress] entering address..address1
2019-02-24 22:46:56 [INFO ] [RegistrationPage] - [setYourAddressCity] entering yourAddressCity..Bangalore
2019-02-24 22:46:57 [INFO ] [RegistrationPage] - [setYourAddressState] entering yourAddressState..Alaska
2019-02-24 22:46:57 [INFO ] [RegistrationPage] - [setYourAddressPostCode] entering yourAddressPostCode..99501
2019-02-24 22:46:57 [INFO ] [RegistrationPage] - [setMobilePhone] entering mobilePhone..9999999999
2019-02-24 22:46:57 [INFO ] [RegistrationPage] - [setAddressAlias] entering addressAlias..addressAlias1
2019-02-24 22:46:57 [INFO ] [RegistrationPage] - [clickRegistration] clicked on registration..[[ChromeDriver: chrome on XP (9798f178a32408631a5a6dc2ed08ce01)] -> xpath: //*[@id='submitAccount']]
2019-02-24 22:47:12 [INFO ] [TestBase] - [after] 
2019-02-24 22:47:12 [INFO ] [TestBase] - [getBrowserObject] Chrome
2019-02-24 22:47:15 [INFO ] [TestBase] - [before] Chrome
2019-02-24 22:47:39 [INFO ] [WaitHelper] - [waitForElement] element found...Sign in
2019-02-24 22:47:39 [INFO ] [LoginPage] - [clickOnSignInLink] clicked on sign in link...
2019-02-24 22:47:46 [INFO ] [WaitHelper] - [waitForElement] element found...Sign in
2019-02-24 22:47:46 [INFO ] [LoginPage] - [enterRegistrationEmail] entering registration email..1551028666773@gmail.com
2019-02-24 22:47:49 [INFO ] [WaitHelper] - [waitForElement] element found...
2019-02-24 22:47:49 [INFO ] [GenericHelper] - [isDisplayed] element is displayed..[[ChromeDriver: chrome on XP (1dc7adcda35c0ca466d68a04d7daa440)] -> xpath: //*[@id='id_gender1']]
2019-02-24 22:47:49 [INFO ] [RegistrationPage] - [setMrRadioButton] selecting mr checkbox..
2019-02-24 22:47:49 [INFO ] [RegistrationPage] - [setFirstName] entering firstName..firstNametwo
2019-02-24 22:47:49 [INFO ] [RegistrationPage] - [setLastname] entering lastname..lastNametwo
2019-02-24 22:47:49 [INFO ] [RegistrationPage] - [setPassword] entering password..password2
2019-02-24 22:47:50 [INFO ] [RegistrationPage] - [setYourAddressFirstName] entering yourAddressFirstName..addressFirstNametwo
2019-02-24 22:47:50 [INFO ] [RegistrationPage] - [setYourAddressLastName] entering yourAddressLastName..addressLastNametwo
2019-02-24 22:47:50 [INFO ] [RegistrationPage] - [setYourAddressCompany] entering yourAddressCompany..addressCompanyNametwo
2019-02-24 22:47:50 [INFO ] [RegistrationPage] - [setAddress] entering address..address2
2019-02-24 22:47:50 [INFO ] [RegistrationPage] - [setYourAddressCity] entering yourAddressCity..Bangalore
2019-02-24 22:47:50 [INFO ] [RegistrationPage] - [setYourAddressState] entering yourAddressState..Alaska
2019-02-24 22:47:50 [INFO ] [RegistrationPage] - [setYourAddressPostCode] entering yourAddressPostCode..99501
2019-02-24 22:47:50 [INFO ] [RegistrationPage] - [setMobilePhone] entering mobilePhone..9999999999
2019-02-24 22:47:51 [INFO ] [RegistrationPage] - [setAddressAlias] entering addressAlias..addressAlias2
2019-02-24 22:47:51 [INFO ] [RegistrationPage] - [clickRegistration] clicked on registration..[[ChromeDriver: chrome on XP (1dc7adcda35c0ca466d68a04d7daa440)] -> xpath: //*[@id='submitAccount']]
2019-02-24 22:48:02 [INFO ] [TestBase] - [after] 
2019-02-24 22:48:02 [INFO ] [TestBase] - [getBrowserObject] Chrome
2019-02-24 22:48:05 [INFO ] [TestBase] - [before] Chrome
2019-02-24 22:48:36 [INFO ] [WaitHelper] - [waitForElement] element found...Sign in
2019-02-24 22:48:36 [INFO ] [LoginPage] - [clickOnSignInLink] clicked on sign in link...
2019-02-24 22:48:41 [INFO ] [LoginPage] - [enterEmailAddress] entering email address....test902@gmail.com
2019-02-24 22:48:41 [INFO ] [LoginPage] - [enterPassword] entering password....password
2019-02-24 22:48:41 [INFO ] [LoginPage] - [clickOnSubmitButton] clicking on submit button...
2019-02-24 22:48:44 [INFO ] [WaitHelper] - [waitForElement] element found...WOMEN
2019-02-24 22:49:04 [INFO ] [GenericHelper] - [isDisplayed] org.openqa.selenium.NoSuchElementException: no such element: Unable to locate element: {"method":"xpath","selector":"//*[@id='center_column']/p"}
  (Session info: chrome=72.0.3626.109)
  (Driver info: chromedriver=2.38.552522 (437e6fbedfa8762dec75e2c5b3ddb86763dc9dcb),platform=Windows NT 10.0.17763 x86_64) (WARNING: The server did not provide any stacktrace information)
Command duration or timeout: 0 milliseconds
For documentation on this error, please visit: http://seleniumhq.org/exceptions/no_such_element.html
Build info: version: '3.5.1', revision: '9c21bb67ef', time: '2017-08-17T15:26:08.955Z'
System info: host: 'DESKTOP-3JER1AI', ip: '192.168.43.187', os.name: 'Windows 10', os.arch: 'amd64', os.version: '10.0', java.version: '1.8.0_201'
Driver info: org.openqa.selenium.chrome.ChromeDriver
Capabilities [{mobileEmulationEnabled=false, hasTouchScreen=false, platform=XP, acceptSslCerts=false, acceptInsecureCerts=false, webStorageEnabled=true, browserName=chrome, takesScreenshot=true, javascriptEnabled=true, setWindowRect=true, unexpectedAlertBehaviour=, applicationCacheEnabled=false, rotatable=false, networkConnectionEnabled=false, chrome={chromedriverVersion=2.38.552522 (437e6fbedfa8762dec75e2c5b3ddb86763dc9dcb), userDataDir=C:\Users\NILKAN~1\AppData\Local\Temp\scoped_dir19952_22099}, takesHeapSnapshot=true, pageLoadStrategy=normal, unhandledPromptBehavior=, databaseEnabled=false, handlesAlerts=true, version=72.0.3626.109, browserConnectionEnabled=false, nativeEvents=true, locationContextEnabled=true, cssSelectorsEnabled=true}]
Session ID: 8c88602fa2e314fbf5f93dd541a87870
*** Element info: {Using=xpath, value=//*[@id='center_column']/p}
2019-02-24 22:49:04 [INFO ] [TestBase] - [after] 
2019-02-24 22:49:04 [INFO ] [TestBase] - [getBrowserObject] Chrome
2019-02-24 22:49:07 [INFO ] [TestBase] - [before] Chrome
2019-02-24 22:49:25 [INFO ] [WaitHelper] - [waitForElement] element found...WOMEN
2019-02-24 22:49:25 [INFO ] [ProductCategory] - [user_click_on_women_navigation_menu] clicking on women menu
2019-02-24 22:49:25 [INFO ] [HomePage] - [clickOnMenu] clickin on : WOMEN
2019-02-24 22:49:43 [INFO ] [WaitHelper] - [waitForElement] element found...CATALOG
2019-02-24 22:49:43 [INFO ] [ProductCategory] - [verify_total_number_of_women_products_dispalyed_as] actual product counts are : 7
2019-02-24 22:49:43 [INFO ] [TestBase] - [after] 
2019-02-24 22:49:43 [INFO ] [TestBase] - [getBrowserObject] Chrome
2019-02-24 22:49:46 [INFO ] [TestBase] - [before] Chrome
2019-02-24 22:50:04 [INFO ] [WaitHelper] - [waitForElement] element found...WOMEN
2019-02-24 22:50:04 [INFO ] [ProductCategory] - [user_click_on_women_navigation_menu] clicking on women menu
2019-02-24 22:50:04 [INFO ] [HomePage] - [clickOnMenu] clickin on : WOMEN
2019-02-24 22:50:21 [INFO ] [WaitHelper] - [waitForElement] element found...CATALOG
2019-02-24 22:50:21 [INFO ] [JavaScriptHelper] - [executeScript] arguments[0].scrollIntoView()
2019-02-24 22:50:21 [INFO ] [JavaScriptHelper] - [scrollIntoView] [[ChromeDriver: chrome on XP (ef891f71e9fe0ab101e4d48de41bcce5)] -> xpath: //a[contains(text(),'Orange')]/parent::*/preceding-sibling::input[1]]
2019-02-24 22:50:28 [INFO ] [ProductCategory] - [click_on_orange_color_filter] we are selecting :Orange
2019-02-24 22:50:28 [INFO ] [ProductCategory] - [verify_total_number_of_products_dispalyed_as] actual product counts are : 7
2019-02-24 22:50:28 [INFO ] [TestBase] - [after] 
2019-02-24 22:51:42 [INFO ] [TestBase] - [getBrowserObject] Chrome
2019-02-24 22:51:45 [INFO ] [TestBase] - [before] Chrome
2019-02-24 22:52:14 [INFO ] [WaitHelper] - [waitForElement] element found...Sign in
2019-02-24 22:52:14 [INFO ] [LoginPage] - [clickOnSignInLink] clicked on sign in link...
2019-02-24 22:52:22 [INFO ] [WaitHelper] - [waitForElement] element found...Sign in
2019-02-24 22:52:22 [INFO ] [LoginPage] - [enterRegistrationEmail] entering registration email..1551028942546@gmail.com
2019-02-24 22:52:25 [INFO ] [WaitHelper] - [waitForElement] element found...
2019-02-24 22:52:25 [INFO ] [GenericHelper] - [isDisplayed] element is displayed..[[ChromeDriver: chrome on XP (3e7afdcd4b64c604d1edad078fee5e66)] -> xpath: //*[@id='id_gender1']]
2019-02-24 22:52:25 [INFO ] [RegistrationPage] - [setMrRadioButton] selecting mr checkbox..
2019-02-24 22:52:25 [INFO ] [RegistrationPage] - [setFirstName] entering firstName..firstNameone
2019-02-24 22:52:26 [INFO ] [RegistrationPage] - [setLastname] entering lastname..lastNameone
2019-02-24 22:52:26 [INFO ] [RegistrationPage] - [setPassword] entering password..password1
2019-02-24 22:52:26 [INFO ] [RegistrationPage] - [setYourAddressFirstName] entering yourAddressFirstName..addressFirstNameone
2019-02-24 22:52:26 [INFO ] [RegistrationPage] - [setYourAddressLastName] entering yourAddressLastName..addressLastNameone
2019-02-24 22:52:26 [INFO ] [RegistrationPage] - [setYourAddressCompany] entering yourAddressCompany..addressCompanyNameone
2019-02-24 22:52:27 [INFO ] [RegistrationPage] - [setAddress] entering address..address1
2019-02-24 22:52:27 [INFO ] [RegistrationPage] - [setYourAddressCity] entering yourAddressCity..Bangalore
2019-02-24 22:52:27 [INFO ] [RegistrationPage] - [setYourAddressState] entering yourAddressState..Alaska
2019-02-24 22:52:27 [INFO ] [RegistrationPage] - [setYourAddressPostCode] entering yourAddressPostCode..99501
2019-02-24 22:52:27 [INFO ] [RegistrationPage] - [setMobilePhone] entering mobilePhone..9999999999
2019-02-24 22:52:27 [INFO ] [RegistrationPage] - [setAddressAlias] entering addressAlias..addressAlias1
2019-02-24 22:52:27 [INFO ] [RegistrationPage] - [clickRegistration] clicked on registration..[[ChromeDriver: chrome on XP (3e7afdcd4b64c604d1edad078fee5e66)] -> xpath: //*[@id='submitAccount']]
2019-02-24 22:52:47 [INFO ] [TestBase] - [after] 
2019-02-24 22:52:47 [INFO ] [TestBase] - [getBrowserObject] Chrome
2019-02-24 22:52:50 [INFO ] [TestBase] - [before] Chrome
2019-02-24 22:52:52 [INFO ] [TestBase] - [after] 
2019-02-24 22:52:52 [INFO ] [TestBase] - [getBrowserObject] Chrome
2019-02-24 22:53:00 [INFO ] [TestBase] - [before] Chrome
2019-02-24 22:53:04 [INFO ] [TestBase] - [after] 
2019-02-24 22:53:04 [INFO ] [TestBase] - [getBrowserObject] Chrome
2019-02-24 22:53:07 [INFO ] [TestBase] - [after] 
2019-02-24 22:53:07 [INFO ] [TestBase] - [getBrowserObject] Chrome
2019-02-24 22:53:15 [INFO ] [TestBase] - [before] Chrome
2019-02-24 22:53:19 [INFO ] [TestBase] - [after] 
