2019-02-24 12:00:37,581 [Worker-1] INFO  c.g.t.t.d.PublishedGradleVersions - Gradle version information cache is up-to-date. Trying to read.
2019-02-24 12:01:47,046 [Worker-14] INFO  o.e.m.c.i.p.ProjectConfigurationManager - Update started
2019-02-24 12:01:47,895 [Worker-14] INFO  o.e.m.c.i.l.LifecycleMappingFactory - Using org.eclipse.m2e.jdt.JarLifecycleMapping lifecycle mapping for MavenProject: com:Cucumber:0.0.1-SNAPSHOT @ C:\Users\Nilkanth Patel\Downloads\cucumberSeleniumFramework-master\cucumberSeleniumFramework-master\pom.xml.
2019-02-24 12:01:48,944 [Worker-14] INFO  o.e.m.c.i.e.AbstractTransferListenerAdapter - Downloading https://repo.maven.apache.org/maven2/log4j/log4j/1.2.17/log4j-1.2.17.pom
2019-02-24 12:01:49,254 [Worker-14] INFO  o.e.m.c.i.e.AbstractTransferListenerAdapter - Downloaded https://repo.maven.apache.org/maven2/log4j/log4j/1.2.17/log4j-1.2.17.pom
2019-02-24 12:01:49,427 [Worker-14] INFO  o.e.m.c.i.e.AbstractTransferListenerAdapter - Downloading https://repo.maven.apache.org/maven2/org/seleniumhq/selenium/selenium-java/3.5.1/selenium-java-3.5.1.pom
2019-02-24 12:01:49,612 [Worker-14] INFO  o.e.m.c.i.e.AbstractTransferListenerAdapter - Downloaded https://repo.maven.apache.org/maven2/org/seleniumhq/selenium/selenium-java/3.5.1/selenium-java-3.5.1.pom
2019-02-24 12:01:49,786 [Worker-14] INFO  o.e.m.c.i.e.AbstractTransferListenerAdapter - Downloading https://repo.maven.apache.org/maven2/org/seleniumhq/selenium/selenium-api/3.5.1/selenium-api-3.5.1.pom
2019-02-24 12:01:49,951 [Worker-14] INFO  o.e.m.c.i.e.AbstractTransferListenerAdapter - Downloaded https://repo.maven.apache.org/maven2/org/seleniumhq/selenium/selenium-api/3.5.1/selenium-api-3.5.1.pom
2019-02-24 12:01:50,212 [Worker-14] INFO  o.e.m.c.i.e.AbstractTransferListenerAdapter - Downloading https://repo.maven.apache.org/maven2/org/seleniumhq/selenium/selenium-chrome-driver/3.5.1/selenium-chrome-driver-3.5.1.pom
2019-02-24 12:01:50,386 [Worker-14] INFO  o.e.m.c.i.e.AbstractTransferListenerAdapter - Downloaded https://repo.maven.apache.org/maven2/org/seleniumhq/selenium/selenium-chrome-driver/3.5.1/selenium-chrome-driver-3.5.1.pom
2019-02-24 12:01:50,565 [Worker-14] INFO  o.e.m.c.i.e.AbstractTransferListenerAdapter - Downloading https://repo.maven.apache.org/maven2/org/seleniumhq/selenium/selenium-remote-driver/3.5.1/selenium-remote-driver-3.5.1.pom
2019-02-24 12:01:50,739 [Worker-14] INFO  o.e.m.c.i.e.AbstractTransferListenerAdapter - Downloaded https://repo.maven.apache.org/maven2/org/seleniumhq/selenium/selenium-remote-driver/3.5.1/selenium-remote-driver-3.5.1.pom
2019-02-24 12:01:50,983 [Worker-14] INFO  o.e.m.c.i.e.AbstractTransferListenerAdapter - Downloading https://repo.maven.apache.org/maven2/org/seleniumhq/selenium/selenium-edge-driver/3.5.1/selenium-edge-driver-3.5.1.pom
2019-02-24 12:01:51,163 [Worker-14] INFO  o.e.m.c.i.e.AbstractTransferListenerAdapter - Downloaded https://repo.maven.apache.org/maven2/org/seleniumhq/selenium/selenium-edge-driver/3.5.1/selenium-edge-driver-3.5.1.pom
2019-02-24 12:01:51,327 [Worker-14] INFO  o.e.m.c.i.e.AbstractTransferListenerAdapter - Downloading https://repo.maven.apache.org/maven2/org/seleniumhq/selenium/selenium-firefox-driver/3.5.1/selenium-firefox-driver-3.5.1.pom
2019-02-24 12:01:51,498 [Worker-14] INFO  o.e.m.c.i.e.AbstractTransferListenerAdapter - Downloaded https://repo.maven.apache.org/maven2/org/seleniumhq/selenium/selenium-firefox-driver/3.5.1/selenium-firefox-driver-3.5.1.pom
2019-02-24 12:01:51,660 [Worker-14] INFO  o.e.m.c.i.e.AbstractTransferListenerAdapter - Downloading https://repo.maven.apache.org/maven2/org/seleniumhq/selenium/selenium-ie-driver/3.5.1/selenium-ie-driver-3.5.1.pom
2019-02-24 12:01:51,831 [Worker-14] INFO  o.e.m.c.i.e.AbstractTransferListenerAdapter - Downloaded https://repo.maven.apache.org/maven2/org/seleniumhq/selenium/selenium-ie-driver/3.5.1/selenium-ie-driver-3.5.1.pom
2019-02-24 12:01:52,080 [Worker-14] INFO  o.e.m.c.i.e.AbstractTransferListenerAdapter - Downloading https://repo.maven.apache.org/maven2/org/seleniumhq/selenium/selenium-opera-driver/3.5.1/selenium-opera-driver-3.5.1.pom
2019-02-24 12:01:52,262 [Worker-14] INFO  o.e.m.c.i.e.AbstractTransferListenerAdapter - Downloaded https://repo.maven.apache.org/maven2/org/seleniumhq/selenium/selenium-opera-driver/3.5.1/selenium-opera-driver-3.5.1.pom
2019-02-24 12:01:52,451 [Worker-14] INFO  o.e.m.c.i.e.AbstractTransferListenerAdapter - Downloading https://repo.maven.apache.org/maven2/org/seleniumhq/selenium/selenium-safari-driver/3.5.1/selenium-safari-driver-3.5.1.pom
2019-02-24 12:01:52,634 [Worker-14] INFO  o.e.m.c.i.e.AbstractTransferListenerAdapter - Downloaded https://repo.maven.apache.org/maven2/org/seleniumhq/selenium/selenium-safari-driver/3.5.1/selenium-safari-driver-3.5.1.pom
2019-02-24 12:01:52,813 [Worker-14] INFO  o.e.m.c.i.e.AbstractTransferListenerAdapter - Downloading https://repo.maven.apache.org/maven2/org/seleniumhq/selenium/selenium-support/3.5.1/selenium-support-3.5.1.pom
2019-02-24 12:01:53,001 [Worker-14] INFO  o.e.m.c.i.e.AbstractTransferListenerAdapter - Downloaded https://repo.maven.apache.org/maven2/org/seleniumhq/selenium/selenium-support/3.5.1/selenium-support-3.5.1.pom
2019-02-24 12:01:53,394 [Worker-14] INFO  o.e.m.c.i.e.AbstractTransferListenerAdapter - Downloading https://repo.maven.apache.org/maven2/log4j/log4j/1.2.17/log4j-1.2.17.jar
2019-02-24 12:01:54,642 [Worker-14] INFO  o.e.m.c.i.e.AbstractTransferListenerAdapter - Downloaded https://repo.maven.apache.org/maven2/log4j/log4j/1.2.17/log4j-1.2.17.jar
2019-02-24 12:01:54,808 [Worker-14] INFO  o.e.m.c.i.e.AbstractTransferListenerAdapter - Downloading https://repo.maven.apache.org/maven2/org/seleniumhq/selenium/selenium-java/3.5.1/selenium-java-3.5.1.jar
2019-02-24 12:01:54,980 [Worker-14] INFO  o.e.m.c.i.e.AbstractTransferListenerAdapter - Downloaded https://repo.maven.apache.org/maven2/org/seleniumhq/selenium/selenium-java/3.5.1/selenium-java-3.5.1.jar
2019-02-24 12:01:55,148 [Worker-14] INFO  o.e.m.c.i.e.AbstractTransferListenerAdapter - Downloading https://repo.maven.apache.org/maven2/org/seleniumhq/selenium/selenium-api/3.5.1/selenium-api-3.5.1.jar
2019-02-24 12:01:55,498 [Worker-14] INFO  o.e.m.c.i.e.AbstractTransferListenerAdapter - Downloaded https://repo.maven.apache.org/maven2/org/seleniumhq/selenium/selenium-api/3.5.1/selenium-api-3.5.1.jar
2019-02-24 12:01:55,671 [Worker-14] INFO  o.e.m.c.i.e.AbstractTransferListenerAdapter - Downloading https://repo.maven.apache.org/maven2/org/seleniumhq/selenium/selenium-chrome-driver/3.5.1/selenium-chrome-driver-3.5.1.jar
2019-02-24 12:01:55,855 [Worker-14] INFO  o.e.m.c.i.e.AbstractTransferListenerAdapter - Downloaded https://repo.maven.apache.org/maven2/org/seleniumhq/selenium/selenium-chrome-driver/3.5.1/selenium-chrome-driver-3.5.1.jar
2019-02-24 12:01:56,055 [Worker-14] INFO  o.e.m.c.i.e.AbstractTransferListenerAdapter - Downloading https://repo.maven.apache.org/maven2/org/seleniumhq/selenium/selenium-edge-driver/3.5.1/selenium-edge-driver-3.5.1.jar
2019-02-24 12:01:56,230 [Worker-14] INFO  o.e.m.c.i.e.AbstractTransferListenerAdapter - Downloaded https://repo.maven.apache.org/maven2/org/seleniumhq/selenium/selenium-edge-driver/3.5.1/selenium-edge-driver-3.5.1.jar
2019-02-24 12:01:56,415 [Worker-14] INFO  o.e.m.c.i.e.AbstractTransferListenerAdapter - Downloading https://repo.maven.apache.org/maven2/org/seleniumhq/selenium/selenium-firefox-driver/3.5.1/selenium-firefox-driver-3.5.1.jar
2019-02-24 12:01:57,879 [Worker-14] INFO  o.e.m.c.i.e.AbstractTransferListenerAdapter - Downloaded https://repo.maven.apache.org/maven2/org/seleniumhq/selenium/selenium-firefox-driver/3.5.1/selenium-firefox-driver-3.5.1.jar
2019-02-24 12:01:58,054 [Worker-14] INFO  o.e.m.c.i.e.AbstractTransferListenerAdapter - Downloading https://repo.maven.apache.org/maven2/org/seleniumhq/selenium/selenium-ie-driver/3.5.1/selenium-ie-driver-3.5.1.jar
2019-02-24 12:01:58,226 [Worker-14] INFO  o.e.m.c.i.e.AbstractTransferListenerAdapter - Downloaded https://repo.maven.apache.org/maven2/org/seleniumhq/selenium/selenium-ie-driver/3.5.1/selenium-ie-driver-3.5.1.jar
2019-02-24 12:01:58,412 [Worker-14] INFO  o.e.m.c.i.e.AbstractTransferListenerAdapter - Downloading https://repo.maven.apache.org/maven2/org/seleniumhq/selenium/selenium-opera-driver/3.5.1/selenium-opera-driver-3.5.1.jar
2019-02-24 12:01:58,570 [Worker-14] INFO  o.e.m.c.i.e.AbstractTransferListenerAdapter - Downloaded https://repo.maven.apache.org/maven2/org/seleniumhq/selenium/selenium-opera-driver/3.5.1/selenium-opera-driver-3.5.1.jar
2019-02-24 12:01:58,769 [Worker-14] INFO  o.e.m.c.i.e.AbstractTransferListenerAdapter - Downloading https://repo.maven.apache.org/maven2/org/seleniumhq/selenium/selenium-remote-driver/3.5.1/selenium-remote-driver-3.5.1.jar
2019-02-24 12:01:59,273 [Worker-14] INFO  o.e.m.c.i.e.AbstractTransferListenerAdapter - Downloaded https://repo.maven.apache.org/maven2/org/seleniumhq/selenium/selenium-remote-driver/3.5.1/selenium-remote-driver-3.5.1.jar
2019-02-24 12:01:59,470 [Worker-14] INFO  o.e.m.c.i.e.AbstractTransferListenerAdapter - Downloading https://repo.maven.apache.org/maven2/org/seleniumhq/selenium/selenium-safari-driver/3.5.1/selenium-safari-driver-3.5.1.jar
2019-02-24 12:01:59,651 [Worker-14] INFO  o.e.m.c.i.e.AbstractTransferListenerAdapter - Downloaded https://repo.maven.apache.org/maven2/org/seleniumhq/selenium/selenium-safari-driver/3.5.1/selenium-safari-driver-3.5.1.jar
2019-02-24 12:01:59,853 [Worker-14] INFO  o.e.m.c.i.e.AbstractTransferListenerAdapter - Downloading https://repo.maven.apache.org/maven2/org/seleniumhq/selenium/selenium-support/3.5.1/selenium-support-3.5.1.jar
2019-02-24 12:02:00,266 [Worker-14] INFO  o.e.m.c.i.e.AbstractTransferListenerAdapter - Downloaded https://repo.maven.apache.org/maven2/org/seleniumhq/selenium/selenium-support/3.5.1/selenium-support-3.5.1.jar
2019-02-24 12:02:00,440 [Worker-14] INFO  o.e.m.c.i.e.AbstractTransferListenerAdapter - Downloading https://repo.maven.apache.org/maven2/commons-io/commons-io/2.5/commons-io-2.5.jar
2019-02-24 12:02:00,798 [Worker-14] INFO  o.e.m.c.i.e.AbstractTransferListenerAdapter - Downloaded https://repo.maven.apache.org/maven2/commons-io/commons-io/2.5/commons-io-2.5.jar
2019-02-24 12:02:00,974 [Worker-14] INFO  o.e.m.c.i.e.AbstractTransferListenerAdapter - Downloading https://repo.maven.apache.org/maven2/com/google/code/gson/gson/2.8.0/gson-2.8.0.jar
2019-02-24 12:02:01,379 [Worker-14] INFO  o.e.m.c.i.e.AbstractTransferListenerAdapter - Downloaded https://repo.maven.apache.org/maven2/com/google/code/gson/gson/2.8.0/gson-2.8.0.jar
2019-02-24 12:02:02,266 [Worker-14] INFO  o.e.m.j.i.AbstractJavaProjectConfigurator - Adding source folder /cucumberSeleniumFramework-master/src/main/java
2019-02-24 12:02:02,266 [Worker-14] INFO  o.e.m.j.i.AbstractJavaProjectConfigurator - Adding resource folder /cucumberSeleniumFramework-master/src/main/resources
2019-02-24 12:02:02,282 [Worker-14] INFO  o.e.m.j.i.AbstractJavaProjectConfigurator - Adding source folder /cucumberSeleniumFramework-master/src/test/java
2019-02-24 12:02:02,283 [Worker-14] INFO  o.e.m.j.i.AbstractJavaProjectConfigurator - Adding resource folder /cucumberSeleniumFramework-master/src/test/resources
2019-02-24 12:02:04,000 [Worker-14] INFO  o.e.m.c.i.p.ProjectConfigurationManager - Update completed: 16 sec
2019-02-24 12:02:04,449 [Worker-6] INFO  o.e.m.c.i.embedder.EclipseLogger - Using 'UTF-8' encoding to copy filtered resources.
2019-02-24 12:02:04,454 [Worker-6] INFO  o.e.m.c.i.embedder.EclipseLogger - Copying 3 resources
2019-02-24 12:02:04,517 [Worker-6] INFO  o.e.m.c.i.embedder.EclipseLogger - Using 'UTF-8' encoding to copy filtered resources.
2019-02-24 12:02:04,521 [Worker-6] INFO  o.e.m.c.i.embedder.EclipseLogger - Copying 6 resources
2019-02-24 12:02:46,077 [Worker-9] INFO  o.e.m.c.i.embedder.EclipseLogger - Using 'UTF-8' encoding to copy filtered resources.
2019-02-24 12:02:46,081 [Worker-9] INFO  o.e.m.c.i.embedder.EclipseLogger - Copying 3 resources
2019-02-24 12:02:46,122 [Worker-9] INFO  o.e.m.c.i.embedder.EclipseLogger - Using 'UTF-8' encoding to copy filtered resources.
2019-02-24 12:02:46,124 [Worker-9] INFO  o.e.m.c.i.embedder.EclipseLogger - Copying 6 resources
2019-02-24 12:03:59,111 [Worker-12] INFO  o.e.m.c.i.embedder.EclipseLogger - Using 'UTF-8' encoding to copy filtered resources.
2019-02-24 12:03:59,111 [Worker-12] INFO  o.e.m.c.i.embedder.EclipseLogger - Copying 0 resource
2019-02-24 12:03:59,113 [Worker-12] INFO  o.e.m.c.i.embedder.EclipseLogger - Using 'UTF-8' encoding to copy filtered resources.
2019-02-24 12:03:59,114 [Worker-12] INFO  o.e.m.c.i.embedder.EclipseLogger - Copying 0 resource
2019-02-24 22:41:49,936 [Worker-38] INFO  o.e.m.c.i.embedder.EclipseLogger - Using 'UTF-8' encoding to copy filtered resources.
2019-02-24 22:41:49,940 [Worker-38] INFO  o.e.m.c.i.embedder.EclipseLogger - Copying 1 resource
2019-02-24 22:41:49,965 [Worker-38] INFO  o.e.m.c.i.embedder.EclipseLogger - Using 'UTF-8' encoding to copy filtered resources.
2019-02-24 22:41:49,965 [Worker-38] INFO  o.e.m.c.i.embedder.EclipseLogger - Copying 0 resource
2019-02-25 04:58:12,738 [Worker-80] INFO  o.e.m.c.i.e.AbstractTransferListenerAdapter - Downloading https://repo.maven.apache.org/maven2/org/seleniumhq/selenium/selenium-api/3.5.1/selenium-api-3.5.1-sources.jar
2019-02-25 04:58:13,590 [Worker-80] INFO  o.e.m.c.i.e.AbstractTransferListenerAdapter - Downloaded https://repo.maven.apache.org/maven2/org/seleniumhq/selenium/selenium-api/3.5.1/selenium-api-3.5.1-sources.jar
2019-02-25 04:58:13,646 [Worker-80] INFO  o.e.m.j.internal.DownloadSourcesJob - Downloaded sources for org.seleniumhq.selenium:selenium-api:3.5.1
2019-02-25 04:58:14,094 [Worker-80] INFO  o.e.m.c.i.embedder.EclipseLogger - Using 'UTF-8' encoding to copy filtered resources.
2019-02-25 04:58:14,095 [Worker-80] INFO  o.e.m.c.i.embedder.EclipseLogger - Copying 0 resource
2019-02-25 04:58:14,096 [Worker-80] INFO  o.e.m.c.i.embedder.EclipseLogger - Using 'UTF-8' encoding to copy filtered resources.
2019-02-25 04:58:14,096 [Worker-80] INFO  o.e.m.c.i.embedder.EclipseLogger - Copying 0 resource
2019-02-27 06:13:54,583 [Worker-3] INFO  c.g.t.t.d.PublishedGradleVersions - Gradle version information cache is out-of-date. Trying to update.
2019-02-27 06:14:39,367 [Worker-5] INFO  o.e.m.c.i.embedder.EclipseLogger - Using 'UTF-8' encoding to copy filtered resources.
2019-02-27 06:14:39,375 [Worker-5] INFO  o.e.m.c.i.embedder.EclipseLogger - Copying 3 resources
2019-02-27 06:14:39,383 [Worker-5] INFO  o.e.m.c.i.embedder.EclipseLogger - Using 'UTF-8' encoding to copy filtered resources.
2019-02-27 06:14:39,385 [Worker-5] INFO  o.e.m.c.i.embedder.EclipseLogger - Copying 6 resources
2019-02-27 06:14:57,249 [Worker-8] INFO  o.e.m.c.i.embedder.EclipseLogger - Using 'UTF-8' encoding to copy filtered resources.
2019-02-27 06:14:57,252 [Worker-8] INFO  o.e.m.c.i.embedder.EclipseLogger - Copying 0 resource
2019-02-27 06:14:57,254 [Worker-8] INFO  o.e.m.c.i.embedder.EclipseLogger - Using 'UTF-8' encoding to copy filtered resources.
2019-02-27 06:14:57,259 [Worker-8] INFO  o.e.m.c.i.embedder.EclipseLogger - Copying 6 resources
2019-02-27 06:23:50,916 [Worker-10] INFO  o.e.m.c.i.embedder.EclipseLogger - Using 'UTF-8' encoding to copy filtered resources.
2019-02-27 06:23:50,917 [Worker-10] INFO  o.e.m.c.i.embedder.EclipseLogger - Copying 0 resource
2019-02-27 06:23:50,918 [Worker-10] INFO  o.e.m.c.i.embedder.EclipseLogger - Using 'UTF-8' encoding to copy filtered resources.
2019-02-27 06:23:50,921 [Worker-10] INFO  o.e.m.c.i.embedder.EclipseLogger - Copying 6 resources
2019-02-27 06:24:59,851 [Worker-10] INFO  o.e.m.c.i.embedder.EclipseLogger - Using 'UTF-8' encoding to copy filtered resources.
2019-02-27 06:24:59,851 [Worker-10] INFO  o.e.m.c.i.embedder.EclipseLogger - Copying 0 resource
2019-02-27 06:24:59,852 [Worker-10] INFO  o.e.m.c.i.embedder.EclipseLogger - Using 'UTF-8' encoding to copy filtered resources.
2019-02-27 06:24:59,854 [Worker-10] INFO  o.e.m.c.i.embedder.EclipseLogger - Copying 6 resources
2019-02-27 06:25:34,662 [Worker-14] INFO  o.e.m.c.i.embedder.EclipseLogger - Using 'UTF-8' encoding to copy filtered resources.
2019-02-27 06:25:34,662 [Worker-14] INFO  o.e.m.c.i.embedder.EclipseLogger - Copying 0 resource
2019-02-27 06:25:34,664 [Worker-14] INFO  o.e.m.c.i.embedder.EclipseLogger - Using 'UTF-8' encoding to copy filtered resources.
2019-02-27 06:25:34,666 [Worker-14] INFO  o.e.m.c.i.embedder.EclipseLogger - Copying 6 resources
2019-02-27 06:26:14,361 [Worker-21] INFO  o.e.m.c.i.embedder.EclipseLogger - Using 'UTF-8' encoding to copy filtered resources.
2019-02-27 06:26:14,361 [Worker-21] INFO  o.e.m.c.i.embedder.EclipseLogger - Copying 0 resource
2019-02-27 06:26:14,362 [Worker-21] INFO  o.e.m.c.i.embedder.EclipseLogger - Using 'UTF-8' encoding to copy filtered resources.
2019-02-27 06:26:14,364 [Worker-21] INFO  o.e.m.c.i.embedder.EclipseLogger - Copying 6 resources
2019-02-27 06:27:09,288 [Worker-15] INFO  o.e.m.c.i.embedder.EclipseLogger - Using 'UTF-8' encoding to copy filtered resources.
2019-02-27 06:27:09,289 [Worker-15] INFO  o.e.m.c.i.embedder.EclipseLogger - Copying 0 resource
2019-02-27 06:27:09,290 [Worker-15] INFO  o.e.m.c.i.embedder.EclipseLogger - Using 'UTF-8' encoding to copy filtered resources.
2019-02-27 06:27:09,292 [Worker-15] INFO  o.e.m.c.i.embedder.EclipseLogger - Copying 6 resources
2019-02-27 06:28:00,661 [Worker-22] INFO  o.e.m.c.i.embedder.EclipseLogger - Using 'UTF-8' encoding to copy filtered resources.
2019-02-27 06:28:00,662 [Worker-22] INFO  o.e.m.c.i.embedder.EclipseLogger - Copying 0 resource
2019-02-27 06:28:00,663 [Worker-22] INFO  o.e.m.c.i.embedder.EclipseLogger - Using 'UTF-8' encoding to copy filtered resources.
2019-02-27 06:28:00,666 [Worker-22] INFO  o.e.m.c.i.embedder.EclipseLogger - Copying 6 resources
2019-02-27 06:28:28,407 [Worker-21] INFO  o.e.m.c.i.embedder.EclipseLogger - Using 'UTF-8' encoding to copy filtered resources.
2019-02-27 06:28:28,408 [Worker-21] INFO  o.e.m.c.i.embedder.EclipseLogger - Copying 0 resource
2019-02-27 06:28:28,409 [Worker-21] INFO  o.e.m.c.i.embedder.EclipseLogger - Using 'UTF-8' encoding to copy filtered resources.
2019-02-27 06:28:28,411 [Worker-21] INFO  o.e.m.c.i.embedder.EclipseLogger - Copying 6 resources
2019-02-27 22:00:14,862 [Worker-2] INFO  c.g.t.t.d.PublishedGradleVersions - Gradle version information cache is up-to-date. Trying to read.
2019-02-27 22:45:13,975 [Worker-25] INFO  o.e.m.c.i.p.ProjectConfigurationManager - Collecting project info '/pom.xml' C:\Users\Nilkanth Patel\Downloads\cucumberSeleniumFramework-master\practice\pom.xml
2019-02-27 22:45:15,158 [Worker-25] INFO  o.e.m.c.i.l.LifecycleMappingFactory - Using org.eclipse.m2e.jdt.JarLifecycleMapping lifecycle mapping for MavenProject: com.test.data:practice:0.0.1-SNAPSHOT @ C:\Users\Nilkanth Patel\Downloads\cucumberSeleniumFramework-master\practice\pom.xml.
2019-02-27 22:45:15,982 [Worker-25] INFO  o.e.m.j.i.AbstractJavaProjectConfigurator - Adding source folder /practice/src/main/java
2019-02-27 22:45:15,988 [Worker-25] INFO  o.e.m.j.i.AbstractJavaProjectConfigurator - Adding source folder /practice/src/test/java
2019-02-27 22:45:16,073 [Worker-25] INFO  o.e.m.c.i.p.ProjectConfigurationManager - Imported and configured 1 project(s) in 2 sec
2019-02-27 22:45:16,551 [Worker-24] INFO  o.e.m.c.i.embedder.EclipseLogger - Using 'UTF-8' encoding to copy filtered resources.
2019-02-27 22:45:16,551 [Worker-24] INFO  o.e.m.c.i.embedder.EclipseLogger - skip non existing resourceDirectory C:\Users\Nilkanth Patel\Downloads\cucumberSeleniumFramework-master\practice\src\main\resources
2019-02-27 22:45:16,554 [Worker-24] INFO  o.e.m.c.i.embedder.EclipseLogger - Using 'UTF-8' encoding to copy filtered resources.
2019-02-27 22:45:16,554 [Worker-24] INFO  o.e.m.c.i.embedder.EclipseLogger - skip non existing resourceDirectory C:\Users\Nilkanth Patel\Downloads\cucumberSeleniumFramework-master\practice\src\test\resources
2019-02-27 22:45:50,379 [Worker-23] INFO  o.e.m.c.i.embedder.EclipseLogger - Using 'UTF-8' encoding to copy filtered resources.
2019-02-27 22:45:50,380 [Worker-23] INFO  o.e.m.c.i.embedder.EclipseLogger - skip non existing resourceDirectory C:\Users\Nilkanth Patel\Downloads\cucumberSeleniumFramework-master\practice\src\main\resources
2019-02-27 22:45:50,381 [Worker-23] INFO  o.e.m.c.i.embedder.EclipseLogger - Using 'UTF-8' encoding to copy filtered resources.
2019-02-27 22:45:50,381 [Worker-23] INFO  o.e.m.c.i.embedder.EclipseLogger - skip non existing resourceDirectory C:\Users\Nilkanth Patel\Downloads\cucumberSeleniumFramework-master\practice\src\test\resources
2019-02-27 22:46:09,062 [Worker-26] INFO  o.e.m.c.i.embedder.EclipseLogger - Using 'UTF-8' encoding to copy filtered resources.
2019-02-27 22:46:09,062 [Worker-26] INFO  o.e.m.c.i.embedder.EclipseLogger - skip non existing resourceDirectory C:\Users\Nilkanth Patel\Downloads\cucumberSeleniumFramework-master\practice\src\main\resources
2019-02-27 22:46:09,063 [Worker-26] INFO  o.e.m.c.i.embedder.EclipseLogger - Using 'UTF-8' encoding to copy filtered resources.
2019-02-27 22:46:09,064 [Worker-26] INFO  o.e.m.c.i.embedder.EclipseLogger - skip non existing resourceDirectory C:\Users\Nilkanth Patel\Downloads\cucumberSeleniumFramework-master\practice\src\test\resources
2019-02-27 22:46:28,555 [Worker-23] INFO  o.e.m.c.i.embedder.EclipseLogger - Using 'UTF-8' encoding to copy filtered resources.
2019-02-27 22:46:28,555 [Worker-23] INFO  o.e.m.c.i.embedder.EclipseLogger - skip non existing resourceDirectory C:\Users\Nilkanth Patel\Downloads\cucumberSeleniumFramework-master\practice\src\main\resources
2019-02-27 22:46:28,557 [Worker-23] INFO  o.e.m.c.i.embedder.EclipseLogger - Using 'UTF-8' encoding to copy filtered resources.
2019-02-27 22:46:28,558 [Worker-23] INFO  o.e.m.c.i.embedder.EclipseLogger - skip non existing resourceDirectory C:\Users\Nilkanth Patel\Downloads\cucumberSeleniumFramework-master\practice\src\test\resources
2019-02-27 22:51:31,963 [Worker-26] INFO  o.e.m.c.i.embedder.EclipseLogger - Using 'UTF-8' encoding to copy filtered resources.
2019-02-27 22:51:31,964 [Worker-26] INFO  o.e.m.c.i.embedder.EclipseLogger - skip non existing resourceDirectory C:\Users\Nilkanth Patel\Downloads\cucumberSeleniumFramework-master\practice\src\main\resources
2019-02-27 22:51:31,966 [Worker-26] INFO  o.e.m.c.i.embedder.EclipseLogger - Using 'UTF-8' encoding to copy filtered resources.
2019-02-27 22:51:31,967 [Worker-26] INFO  o.e.m.c.i.embedder.EclipseLogger - skip non existing resourceDirectory C:\Users\Nilkanth Patel\Downloads\cucumberSeleniumFramework-master\practice\src\test\resources
2019-02-27 22:52:05,791 [Worker-27] INFO  o.e.m.c.i.embedder.EclipseLogger - Using 'UTF-8' encoding to copy filtered resources.
2019-02-27 22:52:05,791 [Worker-27] INFO  o.e.m.c.i.embedder.EclipseLogger - skip non existing resourceDirectory C:\Users\Nilkanth Patel\Downloads\cucumberSeleniumFramework-master\practice\src\main\resources
2019-02-27 22:52:05,793 [Worker-27] INFO  o.e.m.c.i.embedder.EclipseLogger - Using 'UTF-8' encoding to copy filtered resources.
2019-02-27 22:52:05,793 [Worker-27] INFO  o.e.m.c.i.embedder.EclipseLogger - skip non existing resourceDirectory C:\Users\Nilkanth Patel\Downloads\cucumberSeleniumFramework-master\practice\src\test\resources
2019-02-27 22:53:48,619 [Worker-22] INFO  o.e.m.c.i.embedder.EclipseLogger - Using 'UTF-8' encoding to copy filtered resources.
2019-02-27 22:53:48,620 [Worker-22] INFO  o.e.m.c.i.embedder.EclipseLogger - skip non existing resourceDirectory C:\Users\Nilkanth Patel\Downloads\cucumberSeleniumFramework-master\practice\src\main\resources
2019-02-27 22:53:48,621 [Worker-22] INFO  o.e.m.c.i.embedder.EclipseLogger - Using 'UTF-8' encoding to copy filtered resources.
2019-02-27 22:53:48,621 [Worker-22] INFO  o.e.m.c.i.embedder.EclipseLogger - skip non existing resourceDirectory C:\Users\Nilkanth Patel\Downloads\cucumberSeleniumFramework-master\practice\src\test\resources
2019-02-27 23:01:43,531 [Worker-30] INFO  o.e.m.c.i.embedder.EclipseLogger - Using 'UTF-8' encoding to copy filtered resources.
2019-02-27 23:01:43,532 [Worker-30] INFO  o.e.m.c.i.embedder.EclipseLogger - skip non existing resourceDirectory C:\Users\Nilkanth Patel\Downloads\cucumberSeleniumFramework-master\practice\src\main\resources
2019-02-27 23:01:43,536 [Worker-30] INFO  o.e.m.c.i.embedder.EclipseLogger - Using 'UTF-8' encoding to copy filtered resources.
2019-02-27 23:01:43,537 [Worker-30] INFO  o.e.m.c.i.embedder.EclipseLogger - skip non existing resourceDirectory C:\Users\Nilkanth Patel\Downloads\cucumberSeleniumFramework-master\practice\src\test\resources
2019-02-27 23:02:57,593 [Worker-29] INFO  o.e.m.c.i.embedder.EclipseLogger - Using 'UTF-8' encoding to copy filtered resources.
2019-02-27 23:02:57,594 [Worker-29] INFO  o.e.m.c.i.embedder.EclipseLogger - skip non existing resourceDirectory C:\Users\Nilkanth Patel\Downloads\cucumberSeleniumFramework-master\practice\src\main\resources
2019-02-27 23:02:57,595 [Worker-29] INFO  o.e.m.c.i.embedder.EclipseLogger - Using 'UTF-8' encoding to copy filtered resources.
2019-02-27 23:02:57,596 [Worker-29] INFO  o.e.m.c.i.embedder.EclipseLogger - skip non existing resourceDirectory C:\Users\Nilkanth Patel\Downloads\cucumberSeleniumFramework-master\practice\src\test\resources
2019-02-27 23:03:19,894 [Worker-27] INFO  o.e.m.c.i.embedder.EclipseLogger - Using 'UTF-8' encoding to copy filtered resources.
2019-02-27 23:03:19,894 [Worker-27] INFO  o.e.m.c.i.embedder.EclipseLogger - skip non existing resourceDirectory C:\Users\Nilkanth Patel\Downloads\cucumberSeleniumFramework-master\practice\src\main\resources
2019-02-27 23:03:19,895 [Worker-27] INFO  o.e.m.c.i.embedder.EclipseLogger - Using 'UTF-8' encoding to copy filtered resources.
2019-02-27 23:03:19,896 [Worker-27] INFO  o.e.m.c.i.embedder.EclipseLogger - skip non existing resourceDirectory C:\Users\Nilkanth Patel\Downloads\cucumberSeleniumFramework-master\practice\src\test\resources
2019-02-27 23:05:00,075 [Worker-27] INFO  o.e.m.c.i.embedder.EclipseLogger - Using 'UTF-8' encoding to copy filtered resources.
2019-02-27 23:05:00,075 [Worker-27] INFO  o.e.m.c.i.embedder.EclipseLogger - skip non existing resourceDirectory C:\Users\Nilkanth Patel\Downloads\cucumberSeleniumFramework-master\practice\src\main\resources
2019-02-27 23:05:00,077 [Worker-27] INFO  o.e.m.c.i.embedder.EclipseLogger - Using 'UTF-8' encoding to copy filtered resources.
2019-02-27 23:05:00,077 [Worker-27] INFO  o.e.m.c.i.embedder.EclipseLogger - skip non existing resourceDirectory C:\Users\Nilkanth Patel\Downloads\cucumberSeleniumFramework-master\practice\src\test\resources
2019-02-27 23:06:01,893 [Worker-29] INFO  o.e.m.c.i.embedder.EclipseLogger - Using 'UTF-8' encoding to copy filtered resources.
2019-02-27 23:06:01,894 [Worker-29] INFO  o.e.m.c.i.embedder.EclipseLogger - skip non existing resourceDirectory C:\Users\Nilkanth Patel\Downloads\cucumberSeleniumFramework-master\practice\src\main\resources
2019-02-27 23:06:01,896 [Worker-29] INFO  o.e.m.c.i.embedder.EclipseLogger - Using 'UTF-8' encoding to copy filtered resources.
2019-02-27 23:06:01,896 [Worker-29] INFO  o.e.m.c.i.embedder.EclipseLogger - skip non existing resourceDirectory C:\Users\Nilkanth Patel\Downloads\cucumberSeleniumFramework-master\practice\src\test\resources
2019-02-27 23:07:16,988 [Worker-30] INFO  o.e.m.c.i.embedder.EclipseLogger - Using 'UTF-8' encoding to copy filtered resources.
2019-02-27 23:07:16,988 [Worker-30] INFO  o.e.m.c.i.embedder.EclipseLogger - skip non existing resourceDirectory C:\Users\Nilkanth Patel\Downloads\cucumberSeleniumFramework-master\practice\src\main\resources
2019-02-27 23:07:16,990 [Worker-30] INFO  o.e.m.c.i.embedder.EclipseLogger - Using 'UTF-8' encoding to copy filtered resources.
2019-02-27 23:07:16,990 [Worker-30] INFO  o.e.m.c.i.embedder.EclipseLogger - skip non existing resourceDirectory C:\Users\Nilkanth Patel\Downloads\cucumberSeleniumFramework-master\practice\src\test\resources
2019-02-27 23:08:53,852 [Worker-26] INFO  o.e.m.c.i.embedder.EclipseLogger - Using 'UTF-8' encoding to copy filtered resources.
2019-02-27 23:08:53,853 [Worker-26] INFO  o.e.m.c.i.embedder.EclipseLogger - skip non existing resourceDirectory C:\Users\Nilkanth Patel\Downloads\cucumberSeleniumFramework-master\practice\src\main\resources
2019-02-27 23:08:53,854 [Worker-26] INFO  o.e.m.c.i.embedder.EclipseLogger - Using 'UTF-8' encoding to copy filtered resources.
2019-02-27 23:08:53,854 [Worker-26] INFO  o.e.m.c.i.embedder.EclipseLogger - skip non existing resourceDirectory C:\Users\Nilkanth Patel\Downloads\cucumberSeleniumFramework-master\practice\src\test\resources
2019-02-27 23:10:40,243 [Worker-26] INFO  o.e.m.c.i.embedder.EclipseLogger - Using 'UTF-8' encoding to copy filtered resources.
2019-02-27 23:10:40,243 [Worker-26] INFO  o.e.m.c.i.embedder.EclipseLogger - skip non existing resourceDirectory C:\Users\Nilkanth Patel\Downloads\cucumberSeleniumFramework-master\practice\src\main\resources
2019-02-27 23:10:40,245 [Worker-26] INFO  o.e.m.c.i.embedder.EclipseLogger - Using 'UTF-8' encoding to copy filtered resources.
2019-02-27 23:10:40,245 [Worker-26] INFO  o.e.m.c.i.embedder.EclipseLogger - skip non existing resourceDirectory C:\Users\Nilkanth Patel\Downloads\cucumberSeleniumFramework-master\practice\src\test\resources
2019-02-27 23:11:00,807 [Worker-31] INFO  o.e.m.c.i.embedder.EclipseLogger - Using 'UTF-8' encoding to copy filtered resources.
2019-02-27 23:11:00,807 [Worker-31] INFO  o.e.m.c.i.embedder.EclipseLogger - skip non existing resourceDirectory C:\Users\Nilkanth Patel\Downloads\cucumberSeleniumFramework-master\practice\src\main\resources
2019-02-27 23:11:00,810 [Worker-31] INFO  o.e.m.c.i.embedder.EclipseLogger - Using 'UTF-8' encoding to copy filtered resources.
2019-02-27 23:11:00,810 [Worker-31] INFO  o.e.m.c.i.embedder.EclipseLogger - skip non existing resourceDirectory C:\Users\Nilkanth Patel\Downloads\cucumberSeleniumFramework-master\practice\src\test\resources
2019-02-27 23:11:12,379 [Worker-27] INFO  o.e.m.c.i.embedder.EclipseLogger - Using 'UTF-8' encoding to copy filtered resources.
2019-02-27 23:11:12,379 [Worker-27] INFO  o.e.m.c.i.embedder.EclipseLogger - skip non existing resourceDirectory C:\Users\Nilkanth Patel\Downloads\cucumberSeleniumFramework-master\practice\src\main\resources
2019-02-27 23:11:12,380 [Worker-27] INFO  o.e.m.c.i.embedder.EclipseLogger - Using 'UTF-8' encoding to copy filtered resources.
2019-02-27 23:11:12,381 [Worker-27] INFO  o.e.m.c.i.embedder.EclipseLogger - skip non existing resourceDirectory C:\Users\Nilkanth Patel\Downloads\cucumberSeleniumFramework-master\practice\src\test\resources
2019-02-27 23:12:00,107 [Worker-26] INFO  o.e.m.c.i.embedder.EclipseLogger - Using 'UTF-8' encoding to copy filtered resources.
2019-02-27 23:12:00,107 [Worker-26] INFO  o.e.m.c.i.embedder.EclipseLogger - skip non existing resourceDirectory C:\Users\Nilkanth Patel\Downloads\cucumberSeleniumFramework-master\practice\src\main\resources
2019-02-27 23:12:00,108 [Worker-26] INFO  o.e.m.c.i.embedder.EclipseLogger - Using 'UTF-8' encoding to copy filtered resources.
2019-02-27 23:12:00,109 [Worker-26] INFO  o.e.m.c.i.embedder.EclipseLogger - skip non existing resourceDirectory C:\Users\Nilkanth Patel\Downloads\cucumberSeleniumFramework-master\practice\src\test\resources
2019-02-27 23:12:48,042 [Worker-31] INFO  o.e.m.c.i.embedder.EclipseLogger - Using 'UTF-8' encoding to copy filtered resources.
2019-02-27 23:12:48,042 [Worker-31] INFO  o.e.m.c.i.embedder.EclipseLogger - skip non existing resourceDirectory C:\Users\Nilkanth Patel\Downloads\cucumberSeleniumFramework-master\practice\src\main\resources
2019-02-27 23:12:48,043 [Worker-31] INFO  o.e.m.c.i.embedder.EclipseLogger - Using 'UTF-8' encoding to copy filtered resources.
2019-02-27 23:12:48,044 [Worker-31] INFO  o.e.m.c.i.embedder.EclipseLogger - skip non existing resourceDirectory C:\Users\Nilkanth Patel\Downloads\cucumberSeleniumFramework-master\practice\src\test\resources
2019-02-27 23:13:25,282 [Worker-33] INFO  o.e.m.c.i.embedder.EclipseLogger - Using 'UTF-8' encoding to copy filtered resources.
2019-02-27 23:13:25,282 [Worker-33] INFO  o.e.m.c.i.embedder.EclipseLogger - skip non existing resourceDirectory C:\Users\Nilkanth Patel\Downloads\cucumberSeleniumFramework-master\practice\src\main\resources
2019-02-27 23:13:25,284 [Worker-33] INFO  o.e.m.c.i.embedder.EclipseLogger - Using 'UTF-8' encoding to copy filtered resources.
2019-02-27 23:13:25,285 [Worker-33] INFO  o.e.m.c.i.embedder.EclipseLogger - skip non existing resourceDirectory C:\Users\Nilkanth Patel\Downloads\cucumberSeleniumFramework-master\practice\src\test\resources
2019-02-28 09:27:12,991 [Worker-47] INFO  o.e.m.c.i.embedder.EclipseLogger - Using 'UTF-8' encoding to copy filtered resources.
2019-02-28 09:27:12,992 [Worker-47] INFO  o.e.m.c.i.embedder.EclipseLogger - skip non existing resourceDirectory C:\Users\Nilkanth Patel\Downloads\cucumberSeleniumFramework-master\practice\src\main\resources
2019-02-28 09:27:12,993 [Worker-47] INFO  o.e.m.c.i.embedder.EclipseLogger - Using 'UTF-8' encoding to copy filtered resources.
2019-02-28 09:27:12,993 [Worker-47] INFO  o.e.m.c.i.embedder.EclipseLogger - skip non existing resourceDirectory C:\Users\Nilkanth Patel\Downloads\cucumberSeleniumFramework-master\practice\src\test\resources
2019-02-28 09:28:10,340 [Worker-48] INFO  o.e.m.c.i.embedder.EclipseLogger - Using 'UTF-8' encoding to copy filtered resources.
2019-02-28 09:28:10,340 [Worker-48] INFO  o.e.m.c.i.embedder.EclipseLogger - skip non existing resourceDirectory C:\Users\Nilkanth Patel\Downloads\cucumberSeleniumFramework-master\practice\src\main\resources
2019-02-28 09:28:10,340 [Worker-48] INFO  o.e.m.c.i.embedder.EclipseLogger - Using 'UTF-8' encoding to copy filtered resources.
2019-02-28 09:28:10,341 [Worker-48] INFO  o.e.m.c.i.embedder.EclipseLogger - skip non existing resourceDirectory C:\Users\Nilkanth Patel\Downloads\cucumberSeleniumFramework-master\practice\src\test\resources
2019-02-28 09:28:58,324 [Worker-45] INFO  o.e.m.c.i.embedder.EclipseLogger - Using 'UTF-8' encoding to copy filtered resources.
2019-02-28 09:28:58,324 [Worker-45] INFO  o.e.m.c.i.embedder.EclipseLogger - skip non existing resourceDirectory C:\Users\Nilkanth Patel\Downloads\cucumberSeleniumFramework-master\practice\src\main\resources
2019-02-28 09:28:58,325 [Worker-45] INFO  o.e.m.c.i.embedder.EclipseLogger - Using 'UTF-8' encoding to copy filtered resources.
2019-02-28 09:28:58,326 [Worker-45] INFO  o.e.m.c.i.embedder.EclipseLogger - skip non existing resourceDirectory C:\Users\Nilkanth Patel\Downloads\cucumberSeleniumFramework-master\practice\src\test\resources
2019-02-28 09:29:25,854 [Worker-49] INFO  o.e.m.c.i.embedder.EclipseLogger - Using 'UTF-8' encoding to copy filtered resources.
2019-02-28 09:29:25,855 [Worker-49] INFO  o.e.m.c.i.embedder.EclipseLogger - skip non existing resourceDirectory C:\Users\Nilkanth Patel\Downloads\cucumberSeleniumFramework-master\practice\src\main\resources
2019-02-28 09:29:25,857 [Worker-49] INFO  o.e.m.c.i.embedder.EclipseLogger - Using 'UTF-8' encoding to copy filtered resources.
2019-02-28 09:29:25,857 [Worker-49] INFO  o.e.m.c.i.embedder.EclipseLogger - skip non existing resourceDirectory C:\Users\Nilkanth Patel\Downloads\cucumberSeleniumFramework-master\practice\src\test\resources
2019-02-28 09:31:35,425 [Worker-48] INFO  o.e.m.c.i.l.LifecycleMappingFactory - Using org.eclipse.m2e.jdt.JarLifecycleMapping lifecycle mapping for MavenProject: com.test.data:practice:0.0.1-SNAPSHOT @ C:\Users\Nilkanth Patel\Downloads\cucumberSeleniumFramework-master\practice\pom.xml.
2019-02-28 09:31:36,153 [Worker-48] INFO  o.e.m.c.i.embedder.EclipseLogger - Using 'UTF-8' encoding to copy filtered resources.
2019-02-28 09:31:36,153 [Worker-48] INFO  o.e.m.c.i.embedder.EclipseLogger - skip non existing resourceDirectory C:\Users\Nilkanth Patel\Downloads\cucumberSeleniumFramework-master\practice\src\main\resources
2019-02-28 09:31:36,154 [Worker-48] INFO  o.e.m.c.i.embedder.EclipseLogger - Using 'UTF-8' encoding to copy filtered resources.
2019-02-28 09:31:36,155 [Worker-48] INFO  o.e.m.c.i.embedder.EclipseLogger - skip non existing resourceDirectory C:\Users\Nilkanth Patel\Downloads\cucumberSeleniumFramework-master\practice\src\test\resources
2019-02-28 09:31:37,542 [Worker-48] INFO  o.e.m.c.i.embedder.EclipseLogger - Using 'UTF-8' encoding to copy filtered resources.
2019-02-28 09:31:37,542 [Worker-48] INFO  o.e.m.c.i.embedder.EclipseLogger - skip non existing resourceDirectory C:\Users\Nilkanth Patel\Downloads\cucumberSeleniumFramework-master\practice\src\main\resources
2019-02-28 09:31:37,543 [Worker-48] INFO  o.e.m.c.i.embedder.EclipseLogger - Using 'UTF-8' encoding to copy filtered resources.
2019-02-28 09:31:37,544 [Worker-48] INFO  o.e.m.c.i.embedder.EclipseLogger - skip non existing resourceDirectory C:\Users\Nilkanth Patel\Downloads\cucumberSeleniumFramework-master\practice\src\test\resources
2019-02-28 09:31:41,293 [Worker-49] INFO  o.e.m.c.i.embedder.EclipseLogger - Using 'UTF-8' encoding to copy filtered resources.
2019-02-28 09:31:41,293 [Worker-49] INFO  o.e.m.c.i.embedder.EclipseLogger - skip non existing resourceDirectory C:\Users\Nilkanth Patel\Downloads\cucumberSeleniumFramework-master\practice\src\main\resources
2019-02-28 09:31:41,294 [Worker-49] INFO  o.e.m.c.i.embedder.EclipseLogger - Using 'UTF-8' encoding to copy filtered resources.
2019-02-28 09:31:41,294 [Worker-49] INFO  o.e.m.c.i.embedder.EclipseLogger - skip non existing resourceDirectory C:\Users\Nilkanth Patel\Downloads\cucumberSeleniumFramework-master\practice\src\test\resources
2019-02-28 09:32:52,106 [Worker-49] INFO  o.e.m.c.i.p.ProjectConfigurationManager - Update started
2019-02-28 09:32:52,413 [Worker-49] INFO  o.e.m.c.i.l.LifecycleMappingFactory - Using org.eclipse.m2e.jdt.JarLifecycleMapping lifecycle mapping for MavenProject: com.test.data:practice:0.0.1-SNAPSHOT @ C:\Users\Nilkanth Patel\Downloads\cucumberSeleniumFramework-master\practice\pom.xml.
2019-02-28 09:32:52,799 [Worker-49] INFO  o.e.m.j.i.AbstractJavaProjectConfigurator - Adding source folder /practice/src/main/java
2019-02-28 09:32:52,800 [Worker-49] INFO  o.e.m.j.i.AbstractJavaProjectConfigurator - Adding source folder /practice/src/test/java
2019-02-28 09:32:52,970 [Worker-49] INFO  o.e.m.c.i.p.ProjectConfigurationManager - Update completed: 0 sec
2019-02-28 09:32:53,401 [Worker-47] INFO  o.e.m.c.i.embedder.EclipseLogger - Using 'UTF-8' encoding to copy filtered resources.
2019-02-28 09:32:53,401 [Worker-47] INFO  o.e.m.c.i.embedder.EclipseLogger - skip non existing resourceDirectory C:\Users\Nilkanth Patel\Downloads\cucumberSeleniumFramework-master\practice\src\main\resources
2019-02-28 09:32:53,403 [Worker-47] INFO  o.e.m.c.i.embedder.EclipseLogger - Using 'UTF-8' encoding to copy filtered resources.
2019-02-28 09:32:53,403 [Worker-47] INFO  o.e.m.c.i.embedder.EclipseLogger - skip non existing resourceDirectory C:\Users\Nilkanth Patel\Downloads\cucumberSeleniumFramework-master\practice\src\test\resources
2019-02-28 09:33:13,559 [Worker-51] INFO  o.e.m.c.i.embedder.EclipseLogger - Using 'UTF-8' encoding to copy filtered resources.
2019-02-28 09:33:13,560 [Worker-51] INFO  o.e.m.c.i.embedder.EclipseLogger - skip non existing resourceDirectory C:\Users\Nilkanth Patel\Downloads\cucumberSeleniumFramework-master\practice\src\main\resources
2019-02-28 09:33:13,560 [Worker-51] INFO  o.e.m.c.i.embedder.EclipseLogger - Using 'UTF-8' encoding to copy filtered resources.
2019-02-28 09:33:13,560 [Worker-51] INFO  o.e.m.c.i.embedder.EclipseLogger - skip non existing resourceDirectory C:\Users\Nilkanth Patel\Downloads\cucumberSeleniumFramework-master\practice\src\test\resources
2019-02-28 09:37:29,737 [Worker-50] INFO  o.e.m.c.i.embedder.EclipseLogger - Using 'UTF-8' encoding to copy filtered resources.
2019-02-28 09:37:29,737 [Worker-50] INFO  o.e.m.c.i.embedder.EclipseLogger - skip non existing resourceDirectory C:\Users\Nilkanth Patel\Downloads\cucumberSeleniumFramework-master\practice\src\main\resources
2019-02-28 09:37:29,738 [Worker-50] INFO  o.e.m.c.i.embedder.EclipseLogger - Using 'UTF-8' encoding to copy filtered resources.
2019-02-28 09:37:29,738 [Worker-50] INFO  o.e.m.c.i.embedder.EclipseLogger - skip non existing resourceDirectory C:\Users\Nilkanth Patel\Downloads\cucumberSeleniumFramework-master\practice\src\test\resources
2019-02-28 09:38:51,484 [Worker-31] INFO  o.e.m.c.i.embedder.EclipseLogger - Using 'UTF-8' encoding to copy filtered resources.
2019-02-28 09:38:51,491 [Worker-31] INFO  o.e.m.c.i.embedder.EclipseLogger - Copying 3 resources
2019-02-28 09:38:51,499 [Worker-31] INFO  o.e.m.c.i.embedder.EclipseLogger - Using 'UTF-8' encoding to copy filtered resources.
2019-02-28 09:38:51,500 [Worker-31] INFO  o.e.m.c.i.embedder.EclipseLogger - Copying 6 resources
2019-02-28 09:38:51,549 [Worker-31] INFO  o.e.m.c.i.embedder.EclipseLogger - Using 'UTF-8' encoding to copy filtered resources.
2019-02-28 09:38:51,549 [Worker-31] INFO  o.e.m.c.i.embedder.EclipseLogger - skip non existing resourceDirectory C:\Users\Nilkanth Patel\Downloads\cucumberSeleniumFramework-master\practice\src\main\resources
2019-02-28 09:38:51,550 [Worker-31] INFO  o.e.m.c.i.embedder.EclipseLogger - Using 'UTF-8' encoding to copy filtered resources.
2019-02-28 09:38:51,550 [Worker-31] INFO  o.e.m.c.i.embedder.EclipseLogger - skip non existing resourceDirectory C:\Users\Nilkanth Patel\Downloads\cucumberSeleniumFramework-master\practice\src\test\resources
2019-02-28 09:41:17,553 [Worker-53] INFO  o.e.m.c.i.embedder.EclipseLogger - Using 'UTF-8' encoding to copy filtered resources.
2019-02-28 09:41:17,553 [Worker-53] INFO  o.e.m.c.i.embedder.EclipseLogger - skip non existing resourceDirectory C:\Users\Nilkanth Patel\Downloads\cucumberSeleniumFramework-master\practice\src\main\resources
2019-02-28 09:41:17,554 [Worker-53] INFO  o.e.m.c.i.embedder.EclipseLogger - Using 'UTF-8' encoding to copy filtered resources.
2019-02-28 09:41:17,554 [Worker-53] INFO  o.e.m.c.i.embedder.EclipseLogger - skip non existing resourceDirectory C:\Users\Nilkanth Patel\Downloads\cucumberSeleniumFramework-master\practice\src\test\resources
2019-02-28 09:41:30,014 [Worker-39] INFO  o.e.m.c.i.embedder.EclipseLogger - Using 'UTF-8' encoding to copy filtered resources.
2019-02-28 09:41:30,014 [Worker-39] INFO  o.e.m.c.i.embedder.EclipseLogger - skip non existing resourceDirectory C:\Users\Nilkanth Patel\Downloads\cucumberSeleniumFramework-master\practice\src\main\resources
2019-02-28 09:41:30,014 [Worker-39] INFO  o.e.m.c.i.embedder.EclipseLogger - Using 'UTF-8' encoding to copy filtered resources.
2019-02-28 09:41:30,015 [Worker-39] INFO  o.e.m.c.i.embedder.EclipseLogger - skip non existing resourceDirectory C:\Users\Nilkanth Patel\Downloads\cucumberSeleniumFramework-master\practice\src\test\resources
2019-02-28 09:42:04,555 [Worker-39] INFO  o.e.m.c.i.embedder.EclipseLogger - Using 'UTF-8' encoding to copy filtered resources.
2019-02-28 09:42:04,555 [Worker-39] INFO  o.e.m.c.i.embedder.EclipseLogger - skip non existing resourceDirectory C:\Users\Nilkanth Patel\Downloads\cucumberSeleniumFramework-master\practice\src\main\resources
2019-02-28 09:42:04,557 [Worker-39] INFO  o.e.m.c.i.embedder.EclipseLogger - Using 'UTF-8' encoding to copy filtered resources.
2019-02-28 09:42:04,557 [Worker-39] INFO  o.e.m.c.i.embedder.EclipseLogger - skip non existing resourceDirectory C:\Users\Nilkanth Patel\Downloads\cucumberSeleniumFramework-master\practice\src\test\resources
2019-02-28 09:42:12,664 [Worker-50] INFO  o.e.m.c.i.embedder.EclipseLogger - Using 'UTF-8' encoding to copy filtered resources.
2019-02-28 09:42:12,665 [Worker-50] INFO  o.e.m.c.i.embedder.EclipseLogger - skip non existing resourceDirectory C:\Users\Nilkanth Patel\Downloads\cucumberSeleniumFramework-master\practice\src\main\resources
2019-02-28 09:42:12,665 [Worker-50] INFO  o.e.m.c.i.embedder.EclipseLogger - Using 'UTF-8' encoding to copy filtered resources.
2019-02-28 09:42:12,665 [Worker-50] INFO  o.e.m.c.i.embedder.EclipseLogger - skip non existing resourceDirectory C:\Users\Nilkanth Patel\Downloads\cucumberSeleniumFramework-master\practice\src\test\resources
2019-02-28 09:42:35,091 [Worker-52] INFO  o.e.m.c.i.embedder.EclipseLogger - Using 'UTF-8' encoding to copy filtered resources.
2019-02-28 09:42:35,091 [Worker-52] INFO  o.e.m.c.i.embedder.EclipseLogger - skip non existing resourceDirectory C:\Users\Nilkanth Patel\Downloads\cucumberSeleniumFramework-master\practice\src\main\resources
2019-02-28 09:42:35,092 [Worker-52] INFO  o.e.m.c.i.embedder.EclipseLogger - Using 'UTF-8' encoding to copy filtered resources.
2019-02-28 09:42:35,092 [Worker-52] INFO  o.e.m.c.i.embedder.EclipseLogger - skip non existing resourceDirectory C:\Users\Nilkanth Patel\Downloads\cucumberSeleniumFramework-master\practice\src\test\resources
2019-02-28 09:43:24,034 [Worker-54] INFO  o.e.m.c.i.embedder.EclipseLogger - Using 'UTF-8' encoding to copy filtered resources.
2019-02-28 09:43:24,035 [Worker-54] INFO  o.e.m.c.i.embedder.EclipseLogger - skip non existing resourceDirectory C:\Users\Nilkanth Patel\Downloads\cucumberSeleniumFramework-master\practice\src\main\resources
2019-02-28 09:43:24,035 [Worker-54] INFO  o.e.m.c.i.embedder.EclipseLogger - Using 'UTF-8' encoding to copy filtered resources.
2019-02-28 09:43:24,035 [Worker-54] INFO  o.e.m.c.i.embedder.EclipseLogger - skip non existing resourceDirectory C:\Users\Nilkanth Patel\Downloads\cucumberSeleniumFramework-master\practice\src\test\resources
2019-02-28 09:43:53,741 [Worker-48] INFO  o.e.m.c.i.embedder.EclipseLogger - Using 'UTF-8' encoding to copy filtered resources.
2019-02-28 09:43:53,741 [Worker-48] INFO  o.e.m.c.i.embedder.EclipseLogger - skip non existing resourceDirectory C:\Users\Nilkanth Patel\Downloads\cucumberSeleniumFramework-master\practice\src\main\resources
2019-02-28 09:43:53,742 [Worker-48] INFO  o.e.m.c.i.embedder.EclipseLogger - Using 'UTF-8' encoding to copy filtered resources.
2019-02-28 09:43:53,742 [Worker-48] INFO  o.e.m.c.i.embedder.EclipseLogger - skip non existing resourceDirectory C:\Users\Nilkanth Patel\Downloads\cucumberSeleniumFramework-master\practice\src\test\resources
2019-02-28 09:44:17,506 [Worker-50] INFO  o.e.m.c.i.embedder.EclipseLogger - Using 'UTF-8' encoding to copy filtered resources.
2019-02-28 09:44:17,506 [Worker-50] INFO  o.e.m.c.i.embedder.EclipseLogger - skip non existing resourceDirectory C:\Users\Nilkanth Patel\Downloads\cucumberSeleniumFramework-master\practice\src\main\resources
2019-02-28 09:44:17,507 [Worker-50] INFO  o.e.m.c.i.embedder.EclipseLogger - Using 'UTF-8' encoding to copy filtered resources.
2019-02-28 09:44:17,507 [Worker-50] INFO  o.e.m.c.i.embedder.EclipseLogger - skip non existing resourceDirectory C:\Users\Nilkanth Patel\Downloads\cucumberSeleniumFramework-master\practice\src\test\resources
2019-02-28 09:46:09,178 [Worker-48] INFO  o.e.m.c.i.embedder.EclipseLogger - Using 'UTF-8' encoding to copy filtered resources.
2019-02-28 09:46:09,178 [Worker-48] INFO  o.e.m.c.i.embedder.EclipseLogger - skip non existing resourceDirectory C:\Users\Nilkanth Patel\Downloads\cucumberSeleniumFramework-master\practice\src\main\resources
2019-02-28 09:46:09,179 [Worker-48] INFO  o.e.m.c.i.embedder.EclipseLogger - Using 'UTF-8' encoding to copy filtered resources.
2019-02-28 09:46:09,179 [Worker-48] INFO  o.e.m.c.i.embedder.EclipseLogger - skip non existing resourceDirectory C:\Users\Nilkanth Patel\Downloads\cucumberSeleniumFramework-master\practice\src\test\resources
2019-02-28 09:47:29,144 [Worker-55] INFO  o.e.m.c.i.embedder.EclipseLogger - Using 'UTF-8' encoding to copy filtered resources.
2019-02-28 09:47:29,145 [Worker-55] INFO  o.e.m.c.i.embedder.EclipseLogger - skip non existing resourceDirectory C:\Users\Nilkanth Patel\Downloads\cucumberSeleniumFramework-master\practice\src\main\resources
2019-02-28 09:47:29,145 [Worker-55] INFO  o.e.m.c.i.embedder.EclipseLogger - Using 'UTF-8' encoding to copy filtered resources.
2019-02-28 09:47:29,145 [Worker-55] INFO  o.e.m.c.i.embedder.EclipseLogger - skip non existing resourceDirectory C:\Users\Nilkanth Patel\Downloads\cucumberSeleniumFramework-master\practice\src\test\resources
